<?xml version="1.0" encoding="UTF-8"?>
<!-- Generated by org.testng.reporters.JUnitReportReporter -->
<testsuite skipped="0" hostname="PUNBHATT.local" name="com.appdirect.nitya.TestMaven.TestClass" tests="1" failures="0" timestamp="21 Mar 2017 10:40:52 GMT" time="5.349" errors="0">
  <testcase name="openBrowser" time="5.349" classname="com.appdirect.nitya.TestMaven.TestClass"/>
</testsuite> <!-- com.appdirect.nitya.TestMaven.TestClass -->
